<?xml version="1.0" encoding="UTF-8"?>
<testng-results skipped="0" failed="0" total="1" passed="1">
  <reporter-output>
  </reporter-output>
  <suite name="Surefire suite" duration-ms="1030" started-at="2016-10-26T12:49:13Z" finished-at="2016-10-26T12:49:14Z">
    <groups>
    </groups>
    <test name="Surefire test" duration-ms="1030" started-at="2016-10-26T12:49:13Z" finished-at="2016-10-26T12:49:14Z">
      <class name="com.albinsShop.app.AlbinsShopIT">
        <test-method status="PASS" signature="beforeSuite(org.testng.ITestContext)[pri:0, instance:com.albinsShop.app.AlbinsShopIT@6156496]" name="beforeSuite" is-config="true" duration-ms="1187" started-at="2016-10-26T14:49:12Z" finished-at="2016-10-26T14:49:13Z">
          <params>
            <param index="0">
              <value>
                <![CDATA[org.testng.TestRunner@78dc4696]]>
              </value>
            </param>
          </params>
          <reporter-output>
          </reporter-output>
        </test-method> <!-- beforeSuite -->
        <test-method status="PASS" signature="springTestContextBeforeTestClass()[pri:0, instance:com.albinsShop.app.AlbinsShopIT@6156496]" name="springTestContextBeforeTestClass" is-config="true" duration-ms="1" started-at="2016-10-26T14:49:13Z" finished-at="2016-10-26T14:49:13Z">
          <reporter-output>
          </reporter-output>
        </test-method> <!-- springTestContextBeforeTestClass -->
        <test-method status="PASS" signature="springTestContextPrepareTestInstance()[pri:0, instance:com.albinsShop.app.AlbinsShopIT@6156496]" name="springTestContextPrepareTestInstance" is-config="true" duration-ms="1" started-at="2016-10-26T14:49:13Z" depends-on-methods="org.springframework.test.context.testng.AbstractTestNGSpringContextTests.springTestContextBeforeTestClass" finished-at="2016-10-26T14:49:13Z">
          <reporter-output>
          </reporter-output>
        </test-method> <!-- springTestContextPrepareTestInstance -->
        <test-method status="PASS" signature="springTestContextBeforeTestMethod(java.lang.reflect.Method)[pri:0, instance:com.albinsShop.app.AlbinsShopIT@6156496]" name="springTestContextBeforeTestMethod" is-config="true" duration-ms="1" started-at="2016-10-26T14:49:13Z" finished-at="2016-10-26T14:49:13Z">
          <params>
            <param index="0">
              <value>
                <![CDATA[public void com.albinsShop.app.AlbinsShopIT.testGetProduct()]]>
              </value>
            </param>
          </params>
          <reporter-output>
          </reporter-output>
        </test-method> <!-- springTestContextBeforeTestMethod -->
        <test-method status="PASS" signature="testGetProduct()[pri:0, instance:com.albinsShop.app.AlbinsShopIT@6156496]" name="testGetProduct" duration-ms="1017" started-at="2016-10-26T14:49:13Z" finished-at="2016-10-26T14:49:14Z">
          <reporter-output>
          </reporter-output>
        </test-method> <!-- testGetProduct -->
        <test-method status="PASS" signature="springTestContextAfterTestMethod(java.lang.reflect.Method)[pri:0, instance:com.albinsShop.app.AlbinsShopIT@6156496]" name="springTestContextAfterTestMethod" is-config="true" duration-ms="1" started-at="2016-10-26T14:49:14Z" finished-at="2016-10-26T14:49:14Z">
          <params>
            <param index="0">
              <value>
                <![CDATA[public void com.albinsShop.app.AlbinsShopIT.testGetProduct()]]>
              </value>
            </param>
          </params>
          <reporter-output>
          </reporter-output>
        </test-method> <!-- springTestContextAfterTestMethod -->
        <test-method status="PASS" signature="springTestContextAfterTestClass()[pri:0, instance:com.albinsShop.app.AlbinsShopIT@6156496]" name="springTestContextAfterTestClass" is-config="true" duration-ms="1" started-at="2016-10-26T14:49:14Z" finished-at="2016-10-26T14:49:14Z">
          <reporter-output>
          </reporter-output>
        </test-method> <!-- springTestContextAfterTestClass -->
        <test-method status="PASS" signature="afterSuite(org.testng.ITestContext)[pri:0, instance:com.albinsShop.app.AlbinsShopIT@6156496]" name="afterSuite" is-config="true" duration-ms="24" started-at="2016-10-26T14:49:14Z" finished-at="2016-10-26T14:49:14Z">
          <params>
            <param index="0">
              <value>
                <![CDATA[org.testng.TestRunner@78dc4696]]>
              </value>
            </param>
          </params>
          <reporter-output>
          </reporter-output>
        </test-method> <!-- afterSuite -->
      </class> <!-- com.albinsShop.app.AlbinsShopIT -->
    </test> <!-- Surefire test -->
  </suite> <!-- Surefire suite -->
</testng-results>
